<?xml version="1.0" encoding="UTF-8"?>
<testsuite xmlns:xsi="http://www.w3.org/2001/XMLSchema-instance" xsi:noNamespaceSchemaLocation="https://maven.apache.org/surefire/maven-surefire-plugin/xsd/surefire-test-report.xsd" name="com.yupi.AppTest" time="0.002" tests="1" errors="0" skipped="0" failures="0">
  <properties>
    <property name="sun.desktop" value="windows"/>
    <property name="awt.toolkit" value="sun.awt.windows.WToolkit"/>
    <property name="file.encoding.pkg" value="sun.io"/>
    <property name="java.specification.version" value="1.8"/>
    <property name="sun.cpu.isalist" value="amd64"/>
    <property name="sun.jnu.encoding" value="GBK"/>
    <property name="java.class.path" value="D:\code\aaabbbccc\API\yuapi-commom\target\test-classes;D:\code\aaabbbccc\API\yuapi-commom\target\classes;D:\apache-maven-3.9.0\entrepot\com\baomidou\mybatis-plus-boot-starter\3.5.1\mybatis-plus-boot-starter-3.5.1.jar;D:\apache-maven-3.9.0\entrepot\com\baomidou\mybatis-plus\3.5.1\mybatis-plus-3.5.1.jar;D:\apache-maven-3.9.0\entrepot\com\baomidou\mybatis-plus-extension\3.5.1\mybatis-plus-extension-3.5.1.jar;D:\apache-maven-3.9.0\entrepot\com\baomidou\mybatis-plus-core\3.5.1\mybatis-plus-core-3.5.1.jar;D:\apache-maven-3.9.0\entrepot\com\baomidou\mybatis-plus-annotation\3.5.1\mybatis-plus-annotation-3.5.1.jar;D:\apache-maven-3.9.0\entrepot\com\github\jsqlparser\jsqlparser\4.3\jsqlparser-4.3.jar;D:\apache-maven-3.9.0\entrepot\org\springframework\boot\spring-boot-autoconfigure\2.7.0\spring-boot-autoconfigure-2.7.0.jar;D:\apache-maven-3.9.0\entrepot\org\springframework\boot\spring-boot\2.7.0\spring-boot-2.7.0.jar;D:\apache-maven-3.9.0\entrepot\org\springframework\spring-context\5.3.20\spring-context-5.3.20.jar;D:\apache-maven-3.9.0\entrepot\org\springframework\spring-aop\5.3.20\spring-aop-5.3.20.jar;D:\apache-maven-3.9.0\entrepot\org\springframework\spring-expression\5.3.20\spring-expression-5.3.20.jar;D:\apache-maven-3.9.0\entrepot\org\springframework\boot\spring-boot-starter-jdbc\2.7.0\spring-boot-starter-jdbc-2.7.0.jar;D:\apache-maven-3.9.0\entrepot\com\zaxxer\HikariCP\4.0.3\HikariCP-4.0.3.jar;D:\apache-maven-3.9.0\entrepot\org\slf4j\slf4j-api\1.7.36\slf4j-api-1.7.36.jar;D:\apache-maven-3.9.0\entrepot\org\springframework\spring-jdbc\5.3.20\spring-jdbc-5.3.20.jar;D:\apache-maven-3.9.0\entrepot\org\springframework\spring-beans\5.3.20\spring-beans-5.3.20.jar;D:\apache-maven-3.9.0\entrepot\org\springframework\spring-tx\5.3.20\spring-tx-5.3.20.jar;D:\apache-maven-3.9.0\entrepot\org\mybatis\spring\boot\mybatis-spring-boot-starter\2.2.2\mybatis-spring-boot-starter-2.2.2.jar;D:\apache-maven-3.9.0\entrepot\org\springframework\boot\spring-boot-starter\2.7.0\spring-boot-starter-2.7.0.jar;D:\apache-maven-3.9.0\entrepot\org\springframework\boot\spring-boot-starter-logging\2.7.0\spring-boot-starter-logging-2.7.0.jar;D:\apache-maven-3.9.0\entrepot\ch\qos\logback\logback-classic\1.2.11\logback-classic-1.2.11.jar;D:\apache-maven-3.9.0\entrepot\ch\qos\logback\logback-core\1.2.11\logback-core-1.2.11.jar;D:\apache-maven-3.9.0\entrepot\org\apache\logging\log4j\log4j-to-slf4j\2.17.2\log4j-to-slf4j-2.17.2.jar;D:\apache-maven-3.9.0\entrepot\org\apache\logging\log4j\log4j-api\2.17.2\log4j-api-2.17.2.jar;D:\apache-maven-3.9.0\entrepot\org\slf4j\jul-to-slf4j\1.7.36\jul-to-slf4j-1.7.36.jar;D:\apache-maven-3.9.0\entrepot\jakarta\annotation\jakarta.annotation-api\1.3.5\jakarta.annotation-api-1.3.5.jar;D:\apache-maven-3.9.0\entrepot\org\springframework\spring-core\5.3.20\spring-core-5.3.20.jar;D:\apache-maven-3.9.0\entrepot\org\springframework\spring-jcl\5.3.20\spring-jcl-5.3.20.jar;D:\apache-maven-3.9.0\entrepot\org\yaml\snakeyaml\1.30\snakeyaml-1.30.jar;D:\apache-maven-3.9.0\entrepot\org\mybatis\spring\boot\mybatis-spring-boot-autoconfigure\2.2.2\mybatis-spring-boot-autoconfigure-2.2.2.jar;D:\apache-maven-3.9.0\entrepot\org\mybatis\mybatis\3.5.9\mybatis-3.5.9.jar;D:\apache-maven-3.9.0\entrepot\org\mybatis\mybatis-spring\2.0.7\mybatis-spring-2.0.7.jar;D:\apache-maven-3.9.0\entrepot\com\google\code\gson\gson\2.9.0\gson-2.9.0.jar;D:\apache-maven-3.9.0\entrepot\org\apache\commons\commons-lang3\3.12.0\commons-lang3-3.12.0.jar;D:\apache-maven-3.9.0\entrepot\mysql\mysql-connector-java\8.0.29\mysql-connector-java-8.0.29.jar;D:\apache-maven-3.9.0\entrepot\org\springframework\boot\spring-boot-configuration-processor\2.7.0\spring-boot-configuration-processor-2.7.0.jar;D:\apache-maven-3.9.0\entrepot\org\projectlombok\lombok\1.18.24\lombok-1.18.24.jar;D:\apache-maven-3.9.0\entrepot\junit\junit\3.8.1\junit-3.8.1.jar;"/>
    <property name="java.vm.vendor" value="Amazon.com Inc."/>
    <property name="sun.arch.data.model" value="64"/>
    <property name="user.variant" value=""/>
    <property name="java.vendor.url" value="https://aws.amazon.com/corretto/"/>
    <property name="user.timezone" value="Asia/Shanghai"/>
    <property name="java.vm.specification.version" value="1.8"/>
    <property name="os.name" value="Windows 10"/>
    <property name="user.country" value="CN"/>
    <property name="sun.java.launcher" value="SUN_STANDARD"/>
    <property name="sun.boot.library.path" value="D:\ideaJava\jre\bin"/>
    <property name="sun.java.command" value="C:\Users\m\AppData\Local\Temp\surefire953295043535306415\surefirebooter8558528936992157251.jar C:\Users\m\AppData\Local\Temp\surefire953295043535306415 2024-03-29T22-27-35_533-jvmRun1 surefire7330845269359220760tmp surefire_05976072131049671535tmp"/>
    <property name="surefire.test.class.path" value="D:\code\aaabbbccc\API\yuapi-commom\target\test-classes;D:\code\aaabbbccc\API\yuapi-commom\target\classes;D:\apache-maven-3.9.0\entrepot\com\baomidou\mybatis-plus-boot-starter\3.5.1\mybatis-plus-boot-starter-3.5.1.jar;D:\apache-maven-3.9.0\entrepot\com\baomidou\mybatis-plus\3.5.1\mybatis-plus-3.5.1.jar;D:\apache-maven-3.9.0\entrepot\com\baomidou\mybatis-plus-extension\3.5.1\mybatis-plus-extension-3.5.1.jar;D:\apache-maven-3.9.0\entrepot\com\baomidou\mybatis-plus-core\3.5.1\mybatis-plus-core-3.5.1.jar;D:\apache-maven-3.9.0\entrepot\com\baomidou\mybatis-plus-annotation\3.5.1\mybatis-plus-annotation-3.5.1.jar;D:\apache-maven-3.9.0\entrepot\com\github\jsqlparser\jsqlparser\4.3\jsqlparser-4.3.jar;D:\apache-maven-3.9.0\entrepot\org\springframework\boot\spring-boot-autoconfigure\2.7.0\spring-boot-autoconfigure-2.7.0.jar;D:\apache-maven-3.9.0\entrepot\org\springframework\boot\spring-boot\2.7.0\spring-boot-2.7.0.jar;D:\apache-maven-3.9.0\entrepot\org\springframework\spring-context\5.3.20\spring-context-5.3.20.jar;D:\apache-maven-3.9.0\entrepot\org\springframework\spring-aop\5.3.20\spring-aop-5.3.20.jar;D:\apache-maven-3.9.0\entrepot\org\springframework\spring-expression\5.3.20\spring-expression-5.3.20.jar;D:\apache-maven-3.9.0\entrepot\org\springframework\boot\spring-boot-starter-jdbc\2.7.0\spring-boot-starter-jdbc-2.7.0.jar;D:\apache-maven-3.9.0\entrepot\com\zaxxer\HikariCP\4.0.3\HikariCP-4.0.3.jar;D:\apache-maven-3.9.0\entrepot\org\slf4j\slf4j-api\1.7.36\slf4j-api-1.7.36.jar;D:\apache-maven-3.9.0\entrepot\org\springframework\spring-jdbc\5.3.20\spring-jdbc-5.3.20.jar;D:\apache-maven-3.9.0\entrepot\org\springframework\spring-beans\5.3.20\spring-beans-5.3.20.jar;D:\apache-maven-3.9.0\entrepot\org\springframework\spring-tx\5.3.20\spring-tx-5.3.20.jar;D:\apache-maven-3.9.0\entrepot\org\mybatis\spring\boot\mybatis-spring-boot-starter\2.2.2\mybatis-spring-boot-starter-2.2.2.jar;D:\apache-maven-3.9.0\entrepot\org\springframework\boot\spring-boot-starter\2.7.0\spring-boot-starter-2.7.0.jar;D:\apache-maven-3.9.0\entrepot\org\springframework\boot\spring-boot-starter-logging\2.7.0\spring-boot-starter-logging-2.7.0.jar;D:\apache-maven-3.9.0\entrepot\ch\qos\logback\logback-classic\1.2.11\logback-classic-1.2.11.jar;D:\apache-maven-3.9.0\entrepot\ch\qos\logback\logback-core\1.2.11\logback-core-1.2.11.jar;D:\apache-maven-3.9.0\entrepot\org\apache\logging\log4j\log4j-to-slf4j\2.17.2\log4j-to-slf4j-2.17.2.jar;D:\apache-maven-3.9.0\entrepot\org\apache\logging\log4j\log4j-api\2.17.2\log4j-api-2.17.2.jar;D:\apache-maven-3.9.0\entrepot\org\slf4j\jul-to-slf4j\1.7.36\jul-to-slf4j-1.7.36.jar;D:\apache-maven-3.9.0\entrepot\jakarta\annotation\jakarta.annotation-api\1.3.5\jakarta.annotation-api-1.3.5.jar;D:\apache-maven-3.9.0\entrepot\org\springframework\spring-core\5.3.20\spring-core-5.3.20.jar;D:\apache-maven-3.9.0\entrepot\org\springframework\spring-jcl\5.3.20\spring-jcl-5.3.20.jar;D:\apache-maven-3.9.0\entrepot\org\yaml\snakeyaml\1.30\snakeyaml-1.30.jar;D:\apache-maven-3.9.0\entrepot\org\mybatis\spring\boot\mybatis-spring-boot-autoconfigure\2.2.2\mybatis-spring-boot-autoconfigure-2.2.2.jar;D:\apache-maven-3.9.0\entrepot\org\mybatis\mybatis\3.5.9\mybatis-3.5.9.jar;D:\apache-maven-3.9.0\entrepot\org\mybatis\mybatis-spring\2.0.7\mybatis-spring-2.0.7.jar;D:\apache-maven-3.9.0\entrepot\com\google\code\gson\gson\2.9.0\gson-2.9.0.jar;D:\apache-maven-3.9.0\entrepot\org\apache\commons\commons-lang3\3.12.0\commons-lang3-3.12.0.jar;D:\apache-maven-3.9.0\entrepot\mysql\mysql-connector-java\8.0.29\mysql-connector-java-8.0.29.jar;D:\apache-maven-3.9.0\entrepot\org\springframework\boot\spring-boot-configuration-processor\2.7.0\spring-boot-configuration-processor-2.7.0.jar;D:\apache-maven-3.9.0\entrepot\org\projectlombok\lombok\1.18.24\lombok-1.18.24.jar;D:\apache-maven-3.9.0\entrepot\junit\junit\3.8.1\junit-3.8.1.jar;"/>
    <property name="sun.cpu.endian" value="little"/>
    <property name="user.home" value="C:\Users\m"/>
    <property name="user.language" value="zh"/>
    <property name="java.specification.vendor" value="Oracle Corporation"/>
    <property name="java.home" value="D:\ideaJava\jre"/>
    <property name="basedir" value="D:\code\aaabbbccc\API\yuapi-commom"/>
    <property name="file.separator" value="\"/>
    <property name="line.separator" value="&#10;"/>
    <property name="java.vm.specification.vendor" value="Oracle Corporation"/>
    <property name="java.specification.name" value="Java Platform API Specification"/>
    <property name="java.awt.graphicsenv" value="sun.awt.Win32GraphicsEnvironment"/>
    <property name="surefire.real.class.path" value="C:\Users\m\AppData\Local\Temp\surefire953295043535306415\surefirebooter8558528936992157251.jar"/>
    <property name="sun.boot.class.path" value="D:\ideaJava\jre\lib\resources.jar;D:\ideaJava\jre\lib\rt.jar;D:\ideaJava\jre\lib\sunrsasign.jar;D:\ideaJava\jre\lib\jsse.jar;D:\ideaJava\jre\lib\jce.jar;D:\ideaJava\jre\lib\charsets.jar;D:\ideaJava\jre\lib\jfr.jar;D:\ideaJava\jre\classes"/>
    <property name="user.script" value=""/>
    <property name="sun.management.compiler" value="HotSpot 64-Bit Tiered Compilers"/>
    <property name="java.runtime.version" value="1.8.0_402-b08"/>
    <property name="user.name" value="m"/>
    <property name="path.separator" value=";"/>
    <property name="os.version" value="10.0"/>
    <property name="java.endorsed.dirs" value="D:\ideaJava\jre\lib\endorsed"/>
    <property name="java.runtime.name" value="OpenJDK Runtime Environment"/>
    <property name="file.encoding" value="GBK"/>
    <property name="java.vm.name" value="OpenJDK 64-Bit Server VM"/>
    <property name="localRepository" value="D:\apache-maven-3.9.0\entrepot"/>
    <property name="java.vendor.url.bug" value="https://github.com/corretto/corretto-8/issues/"/>
    <property name="java.io.tmpdir" value="C:\Users\m\AppData\Local\Temp\"/>
    <property name="idea.version" value="2022.3"/>
    <property name="java.version" value="1.8.0_402"/>
    <property name="user.dir" value="D:\code\aaabbbccc\API\yuapi-commom"/>
    <property name="os.arch" value="amd64"/>
    <property name="java.vm.specification.name" value="Java Virtual Machine Specification"/>
    <property name="java.awt.printerjob" value="sun.awt.windows.WPrinterJob"/>
    <property name="sun.os.patch.level" value=""/>
    <property name="java.library.path" value="D:\ideaJava\jre\bin;C:\WINDOWS\Sun\Java\bin;C:\WINDOWS\system32;C:\WINDOWS;D:\python\Scripts\;D:\python\;C:\Program Files (x86)\NVIDIA Corporation\PhysX\Common;C:\WINDOWS\system32;C:\WINDOWS;C:\WINDOWS\System32\Wbem;C:\WINDOWS\System32\WindowsPowerShell\v1.0\;C:\WINDOWS\System32\OpenSSH\;D:\mingw64\bin;&quot;D:\ideaJava\bin;&quot;;C:\Program Files\Thermo-Calc-educational\2023a\python39;C:\Program Files\Thermo-Calc-educational\2023a\python39\Scripts;C:\Program Files\Thermo-Calc-educational\2023a;D:\webstormproject\星球项目;ebstormproject\星球项目\node_modules;ebstormproject\星球项目\node_modules\.bin;sers\m\AppData\Local\Yarn\bin;D:\Git\cmd;D:\redis\;C:\Program Files\python;C:\Program Files\python\Scripts;D:\BtSoft\panel\script;C:\Program Files\python;C:\Program Files\python\Scripts;D:\BtSoft\panel\script;C:\Program Files\python;C:\Program Files\python\Scripts;D:\BtSoft\panel\script;D:\mongodb\bin;D:\MongoDB\bin;D:\Git\usr\bin;D:\xshell\;D:\nodejs\;D:\Gpg4win\..\GnuPG\bin;D:\ideaJava\bin;D:\ideaJava;D:\python\Scripts\;D:\python\;C:\Program Files (x86)\Common Files\Oracle\Java\javapath;C:\Program Files (x86)\NVIDIA Corporation\PhysX\Common;C:\WINDOWS\system32;C:\WINDOWS;C:\WINDOWS\System32\Wbem;C:\WINDOWS\System32\WindowsPowerShell\v1.0\;C:\WINDOWS\System32\OpenSSH\;D:\mingw64\bin;&quot;D:\ideaJava\bin;&quot;;C:\Program Files\Thermo-Calc-educational\2023a\python39;C:\Program Files\Thermo-Calc-educational\2023a\python39\Scripts;C:\Program Files\Thermo-Calc-educational\2023a;D:\webstormproject\星球项目;ebstormproject\星球项目\node_modules;ebstormproject\星球项目\node_modules\.bin;sers\m\AppData\Local\Yarn\bin;D:\nodejs\;D:\Git\cmd;D:\redis\;C:\Program Files\python;C:\Program Files\python\Scripts;D:\BtSoft\panel\script;C:\Program Files\python;C:\Program Files\python\Scripts;D:\BtSoft\panel\script;C:\Program Files\python;C:\Program Files\python\Scripts;D:\BtSoft\panel\script;D:\mongodb\bin;D:\MongoDB\bin;D:\Git\usr\bin;D:\xshell\C:\Users\m\AppData\Roaming\\Aria2\maria2c.exe;D:\一些工具\Bandizip;D:\VSC\Microsoft VS Code\bin;D:\Tencent\QQGameTempest\Hall.57967\;C:\Users\m\node_modules\yarn\bin;C:\Users\m\AppData\Roaming\npm;C:\Users\m\AppData\Local\Yarn\bin;D:\nodejs\work_yarn\global\node_modules\.bin;D:\ideaJava\bin;&quot;.;D:\ideaJava\bin\bin;D:\ideaJava\bin\jre\bin&quot;;D:\ideaJava;;."/>
    <property name="java.vm.info" value="mixed mode"/>
    <property name="java.vendor" value="Amazon.com Inc."/>
    <property name="java.vm.version" value="25.402-b08"/>
    <property name="java.specification.maintenance.version" value="5"/>
    <property name="java.ext.dirs" value="D:\ideaJava\jre\lib\ext;C:\WINDOWS\Sun\Java\lib\ext"/>
    <property name="sun.io.unicode.encoding" value="UnicodeLittle"/>
    <property name="java.class.version" value="52.0"/>
  </properties>
  <testcase name="testApp" classname="com.yupi.AppTest" time="0"/>
</testsuite>